Model Technology ModelSim DE-64 vcom 10.7b Compiler 2018.06 Jun  8 2018
Start time: 21:01:01 on Nov 20,2019
vcom -2008 -work ModelSimWork/work ModelSimWork/src/*.vhd 
-- Loading package STANDARD
-- Loading package TEXTIO
-- Loading package std_logic_1164
-- Compiling entity adder_subtractor_structure_generic
-- Compiling architecture structure of adder_subtractor_structure_generic
-- Loading package ATTRIBUTES
-- Loading package std_logic_misc
-- Loading package opcode_t
-- Compiling entity alu
-- Compiling architecture structure of alu
-- Compiling entity alu_single_bit
-- Compiling architecture mixed of alu_single_bit
-- Compiling entity andg2
-- Compiling architecture dataflow of andg2
-- Compiling entity barrel_shifter
-- Compiling architecture structure of barrel_shifter
-- Compiling entity control_unit
-- Compiling architecture structure of control_unit
-- Compiling entity decoder_5_to_32
-- Compiling architecture structure of decoder_5_to_32
-- Compiling entity dff
-- Compiling architecture mixed of dff
-- Compiling entity ex_mem_register
-- Compiling architecture structure of ex_mem_register
-- Compiling entity full_adder_dataflow_generic
-- Compiling architecture dataflow of full_adder_dataflow_generic
-- Compiling entity full_adder_structure
-- Compiling architecture structure of full_adder_structure
-- Compiling entity full_adder_structure_generic
-- Compiling architecture structure of full_adder_structure_generic
-- Compiling entity id_ex_register
-- Compiling architecture structure of id_ex_register
-- Compiling entity if_id_register
-- Compiling architecture structure of if_id_register
-- Compiling entity invg
-- Compiling architecture dataflow of invg
-- Loading package NUMERIC_STD
-- Compiling entity mem
-- Compiling architecture rtl of mem
-- Compiling entity mem_wb_register
-- Compiling architecture structure of mem_wb_register
-- Compiling entity MIPS_Processor
-- Compiling architecture structure of MIPS_Processor
** Error: ModelSimWork/src/MIPS_Processor.vhd(502): (vcom-1136) Unknown identifier "s_mem_wb".
** Note: ModelSimWork/src/MIPS_Processor.vhd(523): VHDL Compiler exiting
End time: 21:01:01 on Nov 20,2019, Elapsed time: 0:00:00
Errors: 1, Warnings: 0
